app/build/intermediates/manifest_merge_blame_file/debug/processDebugMainManifest/manifest-merger-blame-debug-report.txt
1<?xml version="1.0" encoding="utf-8"?>
2<manifest xmlns:android="http://schemas.android.com/apk/res/android"
3    package="com.aistudio.mahirverse.xjklqa"
4    android:versionCode="2"
5    android:versionName="2.0" >
6
7    <uses-sdk
8        android:minSdkVersion="24"
9        android:targetSdkVersion="35" />
10
11    <uses-permission android:name="android.permission.INTERNET" />
11-->src/main/AndroidManifest.xml:5:5-67
11-->src/main/AndroidManifest.xml:5:22-64
12    <uses-permission android:name="android.permission.VIBRATE" />
12-->src/main/AndroidManifest.xml:6:5-66
12-->src/main/AndroidManifest.xml:6:22-63
13    <uses-permission android:name="android.permission.FOREGROUND_SERVICE" />
13-->src/main/AndroidManifest.xml:7:5-77
13-->src/main/AndroidManifest.xml:7:22-74
14    <uses-permission android:name="android.permission.FOREGROUND_SERVICE_SPECIAL_USE" />
14-->src/main/AndroidManifest.xml:8:5-89
14-->src/main/AndroidManifest.xml:8:22-86
15    <uses-permission android:name="android.permission.POST_NOTIFICATIONS" />
15-->src/main/AndroidManifest.xml:9:5-77
15-->src/main/AndroidManifest.xml:9:22-74
16    <uses-permission android:name="android.permission.WAKE_LOCK" />
16-->src/main/AndroidManifest.xml:10:5-68
16-->src/main/AndroidManifest.xml:10:22-65
17    <uses-permission android:name="android.permission.ACCESS_NOTIFICATION_POLICY" />
17-->src/main/AndroidManifest.xml:11:5-85
17-->src/main/AndroidManifest.xml:11:22-82
18    <uses-permission android:name="android.permission.USE_BIOMETRIC" />
18-->src/main/AndroidManifest.xml:12:5-72
18-->src/main/AndroidManifest.xml:12:22-69
19    <uses-permission android:name="android.permission.ACCESS_NETWORK_STATE" /> <!-- Required by older versions of Google Play services to create IID tokens -->
19-->[com.google.firebase:firebase-auth:23.1.0] AndroidManifest.xml:26:5-79
19-->[com.google.firebase:firebase-auth:23.1.0] AndroidManifest.xml:26:22-76
20    <uses-permission android:name="com.google.android.c2dm.permission.RECEIVE" />
20-->[com.google.firebase:firebase-messaging:24.1.0] AndroidManifest.xml:26:5-82
20-->[com.google.firebase:firebase-messaging:24.1.0] AndroidManifest.xml:26:22-79
21    <uses-permission android:name="com.google.android.finsky.permission.BIND_GET_INSTALL_REFERRER_SERVICE" />
21-->[com.google.android.gms:play-services-measurement:22.1.2] AndroidManifest.xml:26:5-110
21-->[com.google.android.gms:play-services-measurement:22.1.2] AndroidManifest.xml:26:22-107
22    <uses-permission android:name="com.google.android.gms.permission.AD_ID" />
22-->[com.google.android.gms:play-services-measurement-api:22.1.2] AndroidManifest.xml:25:5-79
22-->[com.google.android.gms:play-services-measurement-api:22.1.2] AndroidManifest.xml:25:22-76
23    <uses-permission android:name="android.permission.ACCESS_ADSERVICES_ATTRIBUTION" />
23-->[com.google.android.gms:play-services-measurement-api:22.1.2] AndroidManifest.xml:26:5-88
23-->[com.google.android.gms:play-services-measurement-api:22.1.2] AndroidManifest.xml:26:22-85
24    <uses-permission android:name="android.permission.ACCESS_ADSERVICES_AD_ID" />
24-->[com.google.android.gms:play-services-measurement-api:22.1.2] AndroidManifest.xml:27:5-82
24-->[com.google.android.gms:play-services-measurement-api:22.1.2] AndroidManifest.xml:27:22-79
25    <uses-permission android:name="com.google.android.providers.gsf.permission.READ_GSERVICES" />
25-->[com.google.android.recaptcha:recaptcha:18.5.1] AndroidManifest.xml:9:5-98
25-->[com.google.android.recaptcha:recaptcha:18.5.1] AndroidManifest.xml:9:22-95
26    <uses-permission android:name="android.permission.RECEIVE_BOOT_COMPLETED" />
26-->[androidx.work:work-runtime:2.9.0] AndroidManifest.xml:25:5-81
26-->[androidx.work:work-runtime:2.9.0] AndroidManifest.xml:25:22-78
27
28    <permission
28-->[androidx.core:core:1.13.1] AndroidManifest.xml:22:5-24:47
29        android:name="com.aistudio.mahirverse.xjklqa.DYNAMIC_RECEIVER_NOT_EXPORTED_PERMISSION"
29-->[androidx.core:core:1.13.1] AndroidManifest.xml:23:9-81
30        android:protectionLevel="signature" />
30-->[androidx.core:core:1.13.1] AndroidManifest.xml:24:9-44
31
32    <uses-permission android:name="com.aistudio.mahirverse.xjklqa.DYNAMIC_RECEIVER_NOT_EXPORTED_PERMISSION" />
32-->[androidx.core:core:1.13.1] AndroidManifest.xml:26:5-97
32-->[androidx.core:core:1.13.1] AndroidManifest.xml:26:22-94
33
34    <application
34-->src/main/AndroidManifest.xml:14:5-72:19
35        android:name="com.example.MahirVerseApplication"
35-->src/main/AndroidManifest.xml:15:9-46
36        android:allowBackup="false"
36-->src/main/AndroidManifest.xml:16:9-36
37        android:appComponentFactory="androidx.core.app.CoreComponentFactory"
37-->[androidx.core:core:1.13.1] AndroidManifest.xml:28:18-86
38        android:dataExtractionRules="@xml/data_extraction_rules"
38-->src/main/AndroidManifest.xml:18:9-65
39        android:debuggable="true"
40        android:extractNativeLibs="false"
41        android:fullBackupContent="@xml/backup_rules"
41-->src/main/AndroidManifest.xml:19:9-54
42        android:icon="@mipmap/ic_launcher"
42-->src/main/AndroidManifest.xml:20:9-43
43        android:label="@string/app_name"
43-->src/main/AndroidManifest.xml:21:9-41
44        android:networkSecurityConfig="@xml/network_security_config"
44-->src/main/AndroidManifest.xml:17:9-69
45        android:roundIcon="@mipmap/ic_launcher_round"
45-->src/main/AndroidManifest.xml:22:9-54
46        android:supportsRtl="true"
46-->src/main/AndroidManifest.xml:23:9-35
47        android:theme="@style/Theme.SplashScreen.Mahir" >
47-->src/main/AndroidManifest.xml:24:9-56
48        <activity
48-->src/main/AndroidManifest.xml:25:9-35:20
49            android:name="com.example.MainActivity"
49-->src/main/AndroidManifest.xml:26:13-41
50            android:exported="true"
50-->src/main/AndroidManifest.xml:27:13-36
51            android:label="@string/app_name"
51-->src/main/AndroidManifest.xml:28:13-45
52            android:theme="@style/Theme.SplashScreen.Mahir" >
52-->src/main/AndroidManifest.xml:29:13-60
53            <intent-filter>
53-->src/main/AndroidManifest.xml:30:13-34:29
54                <action android:name="android.intent.action.MAIN" />
54-->src/main/AndroidManifest.xml:31:17-69
54-->src/main/AndroidManifest.xml:31:25-66
55
56                <category android:name="android.intent.category.LAUNCHER" />
56-->src/main/AndroidManifest.xml:33:17-77
56-->src/main/AndroidManifest.xml:33:27-74
57            </intent-filter>
58        </activity>
59
60        <service
60-->src/main/AndroidManifest.xml:37:9-42:19
61            android:name="com.example.service.FocusService"
61-->src/main/AndroidManifest.xml:38:13-49
62            android:exported="false"
62-->src/main/AndroidManifest.xml:40:13-37
63            android:foregroundServiceType="specialUse" >
63-->src/main/AndroidManifest.xml:39:13-55
64            <property
64-->src/main/AndroidManifest.xml:41:13-122
65                android:name="android.app.PROPERTY_SPECIAL_USE_FGS_SUBTYPE"
65-->src/main/AndroidManifest.xml:41:23-82
66                android:value="pomodoro_study_timer" />
66-->src/main/AndroidManifest.xml:41:83-119
67        </service>
68        <service
68-->src/main/AndroidManifest.xml:44:9-50:19
69            android:name="com.example.service.MyFirebaseMessagingService"
69-->src/main/AndroidManifest.xml:45:13-63
70            android:exported="false" >
70-->src/main/AndroidManifest.xml:46:13-37
71            <intent-filter>
71-->src/main/AndroidManifest.xml:47:13-49:29
72                <action android:name="com.google.firebase.MESSAGING_EVENT" />
72-->src/main/AndroidManifest.xml:48:17-78
72-->src/main/AndroidManifest.xml:48:25-75
73            </intent-filter>
74        </service>
75
76        <provider
77            android:name="androidx.core.content.FileProvider"
77-->src/main/AndroidManifest.xml:53:13-62
78            android:authorities="com.aistudio.mahirverse.xjklqa.fileprovider"
78-->src/main/AndroidManifest.xml:54:13-64
79            android:exported="false"
79-->src/main/AndroidManifest.xml:55:13-37
80            android:grantUriPermissions="true" >
80-->src/main/AndroidManifest.xml:56:13-47
81            <meta-data
81-->src/main/AndroidManifest.xml:57:13-59:54
82                android:name="android.support.FILE_PROVIDER_PATHS"
82-->src/main/AndroidManifest.xml:58:17-67
83                android:resource="@xml/file_paths" />
83-->src/main/AndroidManifest.xml:59:17-51
84        </provider>
85
86        <receiver
86-->src/main/AndroidManifest.xml:62:9-71:20
87            android:name="com.example.widget.MahirWidgetReceiver"
87-->src/main/AndroidManifest.xml:63:13-55
88            android:exported="true" >
88-->src/main/AndroidManifest.xml:64:13-36
89            <intent-filter>
89-->src/main/AndroidManifest.xml:65:13-67:29
90                <action android:name="android.appwidget.action.APPWIDGET_UPDATE" />
90-->src/main/AndroidManifest.xml:66:17-84
90-->src/main/AndroidManifest.xml:66:25-81
91            </intent-filter>
92
93            <meta-data
93-->src/main/AndroidManifest.xml:68:13-70:61
94                android:name="android.appwidget.provider"
94-->src/main/AndroidManifest.xml:69:17-58
95                android:resource="@xml/mahir_widget_info" />
95-->src/main/AndroidManifest.xml:70:17-58
96        </receiver>
97
98        <activity
98-->[androidx.glance:glance-appwidget:1.1.0] AndroidManifest.xml:23:9-28:62
99            android:name="androidx.glance.appwidget.action.ActionTrampolineActivity"
99-->[androidx.glance:glance-appwidget:1.1.0] AndroidManifest.xml:24:13-85
100            android:enabled="true"
100-->[androidx.glance:glance-appwidget:1.1.0] AndroidManifest.xml:25:13-35
101            android:excludeFromRecents="true"
101-->[androidx.glance:glance-appwidget:1.1.0] AndroidManifest.xml:26:13-46
102            android:exported="false"
102-->[androidx.glance:glance-appwidget:1.1.0] AndroidManifest.xml:27:13-37
103            android:theme="@android:style/Theme.NoDisplay" />
103-->[androidx.glance:glance-appwidget:1.1.0] AndroidManifest.xml:28:13-59
104        <activity
104-->[androidx.glance:glance-appwidget:1.1.0] AndroidManifest.xml:29:9-36:81
105            android:name="androidx.glance.appwidget.action.InvisibleActionTrampolineActivity"
105-->[androidx.glance:glance-appwidget:1.1.0] AndroidManifest.xml:30:13-94
106            android:enabled="true"
106-->[androidx.glance:glance-appwidget:1.1.0] AndroidManifest.xml:31:13-35
107            android:exported="false"
107-->[androidx.glance:glance-appwidget:1.1.0] AndroidManifest.xml:32:13-37
108            android:launchMode="singleInstance"
108-->[androidx.glance:glance-appwidget:1.1.0] AndroidManifest.xml:33:13-48
109            android:noHistory="true"
109-->[androidx.glance:glance-appwidget:1.1.0] AndroidManifest.xml:34:13-37
110            android:taskAffinity="androidx.glance.appwidget.ListAdapterCallbackTrampoline"
110-->[androidx.glance:glance-appwidget:1.1.0] AndroidManifest.xml:35:13-91
111            android:theme="@style/Widget.Glance.AppWidget.CallbackTrampoline" />
111-->[androidx.glance:glance-appwidget:1.1.0] AndroidManifest.xml:36:13-78
112
113        <receiver
113-->[androidx.glance:glance-appwidget:1.1.0] AndroidManifest.xml:38:9-41:40
114            android:name="androidx.glance.appwidget.action.ActionCallbackBroadcastReceiver"
114-->[androidx.glance:glance-appwidget:1.1.0] AndroidManifest.xml:39:13-92
115            android:enabled="true"
115-->[androidx.glance:glance-appwidget:1.1.0] AndroidManifest.xml:40:13-35
116            android:exported="false" />
116-->[androidx.glance:glance-appwidget:1.1.0] AndroidManifest.xml:41:13-37
117        <receiver
117-->[androidx.glance:glance-appwidget:1.1.0] AndroidManifest.xml:42:9-45:40
118            android:name="androidx.glance.appwidget.UnmanagedSessionReceiver"
118-->[androidx.glance:glance-appwidget:1.1.0] AndroidManifest.xml:43:13-78
119            android:enabled="true"
119-->[androidx.glance:glance-appwidget:1.1.0] AndroidManifest.xml:44:13-35
120            android:exported="false" />
120-->[androidx.glance:glance-appwidget:1.1.0] AndroidManifest.xml:45:13-37
121        <receiver
121-->[androidx.glance:glance-appwidget:1.1.0] AndroidManifest.xml:46:9-53:20
122            android:name="androidx.glance.appwidget.MyPackageReplacedReceiver"
122-->[androidx.glance:glance-appwidget:1.1.0] AndroidManifest.xml:47:13-79
123            android:enabled="true"
123-->[androidx.glance:glance-appwidget:1.1.0] AndroidManifest.xml:48:13-35
124            android:exported="false" >
124-->[androidx.glance:glance-appwidget:1.1.0] AndroidManifest.xml:49:13-37
125            <intent-filter>
125-->[androidx.glance:glance-appwidget:1.1.0] AndroidManifest.xml:50:13-52:29
126                <action android:name="android.intent.action.MY_PACKAGE_REPLACED" />
126-->[androidx.glance:glance-appwidget:1.1.0] AndroidManifest.xml:51:17-84
126-->[androidx.glance:glance-appwidget:1.1.0] AndroidManifest.xml:51:25-81
127            </intent-filter>
128        </receiver>
129
130        <service
130-->[androidx.glance:glance-appwidget:1.1.0] AndroidManifest.xml:55:9-58:72
131            android:name="androidx.glance.appwidget.GlanceRemoteViewsService"
131-->[androidx.glance:glance-appwidget:1.1.0] AndroidManifest.xml:56:13-78
132            android:exported="true"
132-->[androidx.glance:glance-appwidget:1.1.0] AndroidManifest.xml:57:13-36
133            android:permission="android.permission.BIND_REMOTEVIEWS" />
133-->[androidx.glance:glance-appwidget:1.1.0] AndroidManifest.xml:58:13-69
134
135        <activity
135-->[androidx.compose.ui:ui-tooling-android:1.7.6] AndroidManifest.xml:23:9-25:39
136            android:name="androidx.compose.ui.tooling.PreviewActivity"
136-->[androidx.compose.ui:ui-tooling-android:1.7.6] AndroidManifest.xml:24:13-71
137            android:exported="true" />
137-->[androidx.compose.ui:ui-tooling-android:1.7.6] AndroidManifest.xml:25:13-36
138        <activity
138-->[androidx.compose.ui:ui-test-manifest:1.7.6] AndroidManifest.xml:23:9-25:39
139            android:name="androidx.activity.ComponentActivity"
139-->[androidx.compose.ui:ui-test-manifest:1.7.6] AndroidManifest.xml:24:13-63
140            android:exported="true" />
140-->[androidx.compose.ui:ui-test-manifest:1.7.6] AndroidManifest.xml:25:13-36
141        <activity
141-->[com.google.firebase:firebase-auth:23.1.0] AndroidManifest.xml:29:9-46:20
142            android:name="com.google.firebase.auth.internal.GenericIdpActivity"
142-->[com.google.firebase:firebase-auth:23.1.0] AndroidManifest.xml:30:13-80
143            android:excludeFromRecents="true"
143-->[com.google.firebase:firebase-auth:23.1.0] AndroidManifest.xml:31:13-46
144            android:exported="true"
144-->[com.google.firebase:firebase-auth:23.1.0] AndroidManifest.xml:32:13-36
145            android:launchMode="singleTask"
145-->[com.google.firebase:firebase-auth:23.1.0] AndroidManifest.xml:33:13-44
146            android:theme="@android:style/Theme.Translucent.NoTitleBar" >
146-->[com.google.firebase:firebase-auth:23.1.0] AndroidManifest.xml:34:13-72
147            <intent-filter>
147-->[com.google.firebase:firebase-auth:23.1.0] AndroidManifest.xml:35:13-45:29
148                <action android:name="android.intent.action.VIEW" />
148-->[com.google.firebase:firebase-auth:23.1.0] AndroidManifest.xml:36:17-69
148-->[com.google.firebase:firebase-auth:23.1.0] AndroidManifest.xml:36:25-66
149
150                <category android:name="android.intent.category.DEFAULT" />
150-->[com.google.firebase:firebase-auth:23.1.0] AndroidManifest.xml:38:17-76
150-->[com.google.firebase:firebase-auth:23.1.0] AndroidManifest.xml:38:27-73
151                <category android:name="android.intent.category.BROWSABLE" />
151-->[com.google.firebase:firebase-auth:23.1.0] AndroidManifest.xml:39:17-78
151-->[com.google.firebase:firebase-auth:23.1.0] AndroidManifest.xml:39:27-75
152
153                <data
153-->[com.google.firebase:firebase-auth:23.1.0] AndroidManifest.xml:41:17-44:51
154                    android:host="firebase.auth"
154-->[com.google.firebase:firebase-auth:23.1.0] AndroidManifest.xml:42:21-49
155                    android:path="/"
155-->[com.google.firebase:firebase-auth:23.1.0] AndroidManifest.xml:43:21-37
156                    android:scheme="genericidp" />
156-->[com.google.firebase:firebase-auth:23.1.0] AndroidManifest.xml:44:21-48
157            </intent-filter>
158        </activity>
159        <activity
159-->[com.google.firebase:firebase-auth:23.1.0] AndroidManifest.xml:47:9-64:20
160            android:name="com.google.firebase.auth.internal.RecaptchaActivity"
160-->[com.google.firebase:firebase-auth:23.1.0] AndroidManifest.xml:48:13-79
161            android:excludeFromRecents="true"
161-->[com.google.firebase:firebase-auth:23.1.0] AndroidManifest.xml:49:13-46
162            android:exported="true"
162-->[com.google.firebase:firebase-auth:23.1.0] AndroidManifest.xml:50:13-36
163            android:launchMode="singleTask"
163-->[com.google.firebase:firebase-auth:23.1.0] AndroidManifest.xml:51:13-44
164            android:theme="@android:style/Theme.Translucent.NoTitleBar" >
164-->[com.google.firebase:firebase-auth:23.1.0] AndroidManifest.xml:52:13-72
165            <intent-filter>
165-->[com.google.firebase:firebase-auth:23.1.0] AndroidManifest.xml:53:13-63:29
166                <action android:name="android.intent.action.VIEW" />
166-->[com.google.firebase:firebase-auth:23.1.0] AndroidManifest.xml:36:17-69
166-->[com.google.firebase:firebase-auth:23.1.0] AndroidManifest.xml:36:25-66
167
168                <category android:name="android.intent.category.DEFAULT" />
168-->[com.google.firebase:firebase-auth:23.1.0] AndroidManifest.xml:38:17-76
168-->[com.google.firebase:firebase-auth:23.1.0] AndroidManifest.xml:38:27-73
169                <category android:name="android.intent.category.BROWSABLE" />
169-->[com.google.firebase:firebase-auth:23.1.0] AndroidManifest.xml:39:17-78
169-->[com.google.firebase:firebase-auth:23.1.0] AndroidManifest.xml:39:27-75
170
171                <data
171-->[com.google.firebase:firebase-auth:23.1.0] AndroidManifest.xml:41:17-44:51
172                    android:host="firebase.auth"
172-->[com.google.firebase:firebase-auth:23.1.0] AndroidManifest.xml:42:21-49
173                    android:path="/"
173-->[com.google.firebase:firebase-auth:23.1.0] AndroidManifest.xml:43:21-37
174                    android:scheme="recaptcha" />
174-->[com.google.firebase:firebase-auth:23.1.0] AndroidManifest.xml:44:21-48
175            </intent-filter>
176        </activity>
177
178        <service
178-->[com.google.firebase:firebase-auth:23.1.0] AndroidManifest.xml:66:9-72:19
179            android:name="com.google.firebase.components.ComponentDiscoveryService"
179-->[com.google.firebase:firebase-auth:23.1.0] AndroidManifest.xml:67:13-84
180            android:directBootAware="true"
180-->[com.google.firebase:firebase-common:21.0.0] AndroidManifest.xml:32:13-43
181            android:exported="false" >
181-->[com.google.firebase:firebase-auth:23.1.0] AndroidManifest.xml:68:13-37
182            <meta-data
182-->[com.google.firebase:firebase-auth:23.1.0] AndroidManifest.xml:69:13-71:85
183                android:name="com.google.firebase.components:com.google.firebase.auth.FirebaseAuthRegistrar"
183-->[com.google.firebase:firebase-auth:23.1.0] AndroidManifest.xml:70:17-109
184                android:value="com.google.firebase.components.ComponentRegistrar" />
184-->[com.google.firebase:firebase-auth:23.1.0] AndroidManifest.xml:71:17-82
185            <meta-data
185-->[com.google.firebase:firebase-firestore:25.1.1] AndroidManifest.xml:17:13-19:85
186                android:name="com.google.firebase.components:com.google.firebase.firestore.FirebaseFirestoreKtxRegistrar"
186-->[com.google.firebase:firebase-firestore:25.1.1] AndroidManifest.xml:18:17-122
187                android:value="com.google.firebase.components.ComponentRegistrar" />
187-->[com.google.firebase:firebase-firestore:25.1.1] AndroidManifest.xml:19:17-82
188            <meta-data
188-->[com.google.firebase:firebase-firestore:25.1.1] AndroidManifest.xml:20:13-22:85
189                android:name="com.google.firebase.components:com.google.firebase.firestore.FirestoreRegistrar"
189-->[com.google.firebase:firebase-firestore:25.1.1] AndroidManifest.xml:21:17-111
190                android:value="com.google.firebase.components.ComponentRegistrar" />
190-->[com.google.firebase:firebase-firestore:25.1.1] AndroidManifest.xml:22:17-82
191            <meta-data
191-->[com.google.firebase:firebase-messaging:24.1.0] AndroidManifest.xml:57:13-59:85
192                android:name="com.google.firebase.components:com.google.firebase.messaging.FirebaseMessagingKtxRegistrar"
192-->[com.google.firebase:firebase-messaging:24.1.0] AndroidManifest.xml:58:17-122
193                android:value="com.google.firebase.components.ComponentRegistrar" />
193-->[com.google.firebase:firebase-messaging:24.1.0] AndroidManifest.xml:59:17-82
194            <meta-data
194-->[com.google.firebase:firebase-messaging:24.1.0] AndroidManifest.xml:60:13-62:85
195                android:name="com.google.firebase.components:com.google.firebase.messaging.FirebaseMessagingRegistrar"
195-->[com.google.firebase:firebase-messaging:24.1.0] AndroidManifest.xml:61:17-119
196                android:value="com.google.firebase.components.ComponentRegistrar" />
196-->[com.google.firebase:firebase-messaging:24.1.0] AndroidManifest.xml:62:17-82
197            <meta-data
197-->[com.google.android.gms:play-services-measurement-api:22.1.2] AndroidManifest.xml:37:13-39:85
198                android:name="com.google.firebase.components:com.google.firebase.analytics.connector.internal.AnalyticsConnectorRegistrar"
198-->[com.google.android.gms:play-services-measurement-api:22.1.2] AndroidManifest.xml:38:17-139
199                android:value="com.google.firebase.components.ComponentRegistrar" />
199-->[com.google.android.gms:play-services-measurement-api:22.1.2] AndroidManifest.xml:39:17-82
200            <meta-data
200-->[com.google.firebase:firebase-installations:18.0.0] AndroidManifest.xml:15:13-17:85
201                android:name="com.google.firebase.components:com.google.firebase.installations.FirebaseInstallationsKtxRegistrar"
201-->[com.google.firebase:firebase-installations:18.0.0] AndroidManifest.xml:16:17-130
202                android:value="com.google.firebase.components.ComponentRegistrar" />
202-->[com.google.firebase:firebase-installations:18.0.0] AndroidManifest.xml:17:17-82
203            <meta-data
203-->[com.google.firebase:firebase-installations:18.0.0] AndroidManifest.xml:18:13-20:85
204                android:name="com.google.firebase.components:com.google.firebase.installations.FirebaseInstallationsRegistrar"
204-->[com.google.firebase:firebase-installations:18.0.0] AndroidManifest.xml:19:17-127
205                android:value="com.google.firebase.components.ComponentRegistrar" />
205-->[com.google.firebase:firebase-installations:18.0.0] AndroidManifest.xml:20:17-82
206            <meta-data
206-->[com.google.firebase:firebase-common-ktx:21.0.0] AndroidManifest.xml:12:13-14:85
207                android:name="com.google.firebase.components:com.google.firebase.ktx.FirebaseCommonLegacyRegistrar"
207-->[com.google.firebase:firebase-common-ktx:21.0.0] AndroidManifest.xml:13:17-116
208                android:value="com.google.firebase.components.ComponentRegistrar" />
208-->[com.google.firebase:firebase-common-ktx:21.0.0] AndroidManifest.xml:14:17-82
209            <meta-data
209-->[com.google.firebase:firebase-common:21.0.0] AndroidManifest.xml:35:13-37:85
210                android:name="com.google.firebase.components:com.google.firebase.FirebaseCommonKtxRegistrar"
210-->[com.google.firebase:firebase-common:21.0.0] AndroidManifest.xml:36:17-109
211                android:value="com.google.firebase.components.ComponentRegistrar" />
211-->[com.google.firebase:firebase-common:21.0.0] AndroidManifest.xml:37:17-82
212            <meta-data
212-->[com.google.firebase:firebase-datatransport:18.2.0] AndroidManifest.xml:25:13-27:85
213                android:name="com.google.firebase.components:com.google.firebase.datatransport.TransportRegistrar"
213-->[com.google.firebase:firebase-datatransport:18.2.0] AndroidManifest.xml:26:17-115
214                android:value="com.google.firebase.components.ComponentRegistrar" />
214-->[com.google.firebase:firebase-datatransport:18.2.0] AndroidManifest.xml:27:17-82
215        </service>
216
217        <receiver
217-->[com.google.firebase:firebase-messaging:24.1.0] AndroidManifest.xml:29:9-40:20
218            android:name="com.google.firebase.iid.FirebaseInstanceIdReceiver"
218-->[com.google.firebase:firebase-messaging:24.1.0] AndroidManifest.xml:30:13-78
219            android:exported="true"
219-->[com.google.firebase:firebase-messaging:24.1.0] AndroidManifest.xml:31:13-36
220            android:permission="com.google.android.c2dm.permission.SEND" >
220-->[com.google.firebase:firebase-messaging:24.1.0] AndroidManifest.xml:32:13-73
221            <intent-filter>
221-->[com.google.firebase:firebase-messaging:24.1.0] AndroidManifest.xml:33:13-35:29
222                <action android:name="com.google.android.c2dm.intent.RECEIVE" />
222-->[com.google.firebase:firebase-messaging:24.1.0] AndroidManifest.xml:34:17-81
222-->[com.google.firebase:firebase-messaging:24.1.0] AndroidManifest.xml:34:25-78
223            </intent-filter>
224
225            <meta-data
225-->[com.google.firebase:firebase-messaging:24.1.0] AndroidManifest.xml:37:13-39:40
226                android:name="com.google.android.gms.cloudmessaging.FINISHED_AFTER_HANDLED"
226-->[com.google.firebase:firebase-messaging:24.1.0] AndroidManifest.xml:38:17-92
227                android:value="true" />
227-->[com.google.firebase:firebase-messaging:24.1.0] AndroidManifest.xml:39:17-37
228        </receiver>
229        <!--
230             FirebaseMessagingService performs security checks at runtime,
231             but set to not exported to explicitly avoid allowing another app to call it.
232        -->
233        <service
233-->[com.google.firebase:firebase-messaging:24.1.0] AndroidManifest.xml:46:9-53:19
234            android:name="com.google.firebase.messaging.FirebaseMessagingService"
234-->[com.google.firebase:firebase-messaging:24.1.0] AndroidManifest.xml:47:13-82
235            android:directBootAware="true"
235-->[com.google.firebase:firebase-messaging:24.1.0] AndroidManifest.xml:48:13-43
236            android:exported="false" >
236-->[com.google.firebase:firebase-messaging:24.1.0] AndroidManifest.xml:49:13-37
237            <intent-filter android:priority="-500" >
237-->src/main/AndroidManifest.xml:47:13-49:29
238                <action android:name="com.google.firebase.MESSAGING_EVENT" />
238-->src/main/AndroidManifest.xml:48:17-78
238-->src/main/AndroidManifest.xml:48:25-75
239            </intent-filter>
240        </service>
241
242        <receiver
242-->[com.google.android.gms:play-services-measurement:22.1.2] AndroidManifest.xml:29:9-33:20
243            android:name="com.google.android.gms.measurement.AppMeasurementReceiver"
243-->[com.google.android.gms:play-services-measurement:22.1.2] AndroidManifest.xml:30:13-85
244            android:enabled="true"
244-->[com.google.android.gms:play-services-measurement:22.1.2] AndroidManifest.xml:31:13-35
245            android:exported="false" >
245-->[com.google.android.gms:play-services-measurement:22.1.2] AndroidManifest.xml:32:13-37
246        </receiver>
247
248        <service
248-->[com.google.android.gms:play-services-measurement:22.1.2] AndroidManifest.xml:35:9-38:40
249            android:name="com.google.android.gms.measurement.AppMeasurementService"
249-->[com.google.android.gms:play-services-measurement:22.1.2] AndroidManifest.xml:36:13-84
250            android:enabled="true"
250-->[com.google.android.gms:play-services-measurement:22.1.2] AndroidManifest.xml:37:13-35
251            android:exported="false" />
251-->[com.google.android.gms:play-services-measurement:22.1.2] AndroidManifest.xml:38:13-37
252        <service
252-->[com.google.android.gms:play-services-measurement:22.1.2] AndroidManifest.xml:39:9-43:72
253            android:name="com.google.android.gms.measurement.AppMeasurementJobService"
253-->[com.google.android.gms:play-services-measurement:22.1.2] AndroidManifest.xml:40:13-87
254            android:enabled="true"
254-->[com.google.android.gms:play-services-measurement:22.1.2] AndroidManifest.xml:41:13-35
255            android:exported="false"
255-->[com.google.android.gms:play-services-measurement:22.1.2] AndroidManifest.xml:42:13-37
256            android:permission="android.permission.BIND_JOB_SERVICE" />
256-->[com.google.android.gms:play-services-measurement:22.1.2] AndroidManifest.xml:43:13-69
257
258        <property
258-->[com.google.android.gms:play-services-measurement-api:22.1.2] AndroidManifest.xml:30:9-32:61
259            android:name="android.adservices.AD_SERVICES_CONFIG"
259-->[com.google.android.gms:play-services-measurement-api:22.1.2] AndroidManifest.xml:31:13-65
260            android:resource="@xml/ga_ad_services_config" />
260-->[com.google.android.gms:play-services-measurement-api:22.1.2] AndroidManifest.xml:32:13-58
261
262        <service
262-->[androidx.credentials:credentials-play-services-auth:1.2.0-rc01] AndroidManifest.xml:24:9-32:19
263            android:name="androidx.credentials.playservices.CredentialProviderMetadataHolder"
263-->[androidx.credentials:credentials-play-services-auth:1.2.0-rc01] AndroidManifest.xml:25:13-94
264            android:enabled="true"
264-->[androidx.credentials:credentials-play-services-auth:1.2.0-rc01] AndroidManifest.xml:26:13-35
265            android:exported="false" >
265-->[androidx.credentials:credentials-play-services-auth:1.2.0-rc01] AndroidManifest.xml:27:13-37